[0.088s] DEBUG:colcon:Command line arguments: ['/usr/bin/colcon', 'build']
[0.088s] DEBUG:colcon:Parsed command line arguments: Namespace(log_base=None, log_level=None, verb_name='build', build_base='build', install_base='install', merge_install=False, symlink_install=False, test_result_base=None, continue_on_error=False, executor='parallel', parallel_workers=16, event_handlers=None, ignore_user_meta=False, metas=['./colcon.meta'], base_paths=['.'], packages_ignore=None, packages_ignore_regex=None, paths=None, packages_up_to=None, packages_up_to_regex=None, packages_above=None, packages_above_and_dependencies=None, packages_above_depth=None, packages_select_by_dep=None, packages_skip_by_dep=None, packages_skip_up_to=None, packages_select_build_failed=False, packages_skip_build_finished=False, packages_select_test_failures=False, packages_skip_test_passed=False, packages_select=None, packages_skip=None, packages_select_regex=None, packages_skip_regex=None, packages_start=None, packages_end=None, allow_overriding=[], cmake_args=None, cmake_target=None, cmake_target_skip_unavailable=False, cmake_clean_cache=False, cmake_clean_first=False, cmake_force_configure=False, ament_cmake_args=None, catkin_cmake_args=None, catkin_skip_building_tests=False, mixin_files=None, mixin=None, verb_parser=<colcon_mixin.mixin.mixin_argument.MixinArgumentDecorator object at 0x761cc113ece0>, verb_extension=<colcon_core.verb.build.BuildVerb object at 0x761cc124f430>, main=<bound method BuildVerb.main of <colcon_core.verb.build.BuildVerb object at 0x761cc124f430>>, mixin_verb=('build',))
[0.117s] Level 1:colcon.colcon_core.package_discovery:discover_packages(colcon_meta) check parameters
[0.117s] Level 1:colcon.colcon_core.package_discovery:discover_packages(recursive) check parameters
[0.117s] Level 1:colcon.colcon_core.package_discovery:discover_packages(ignore) check parameters
[0.117s] Level 1:colcon.colcon_core.package_discovery:discover_packages(path) check parameters
[0.117s] Level 1:colcon.colcon_core.package_discovery:discover_packages(colcon_meta) discover
[0.117s] Level 1:colcon.colcon_core.package_discovery:discover_packages(recursive) discover
[0.117s] INFO:colcon.colcon_core.package_discovery:Crawling recursively for packages in '/home/sotaro/Documents/rocket/earth/ros2_ws/src/testmsgs'
[0.117s] Level 1:colcon.colcon_core.package_identification:_identify(.) by extensions ['ignore', 'ignore_ament_install']
[0.117s] Level 1:colcon.colcon_core.package_identification:_identify(.) by extension 'ignore'
[0.118s] Level 1:colcon.colcon_core.package_identification:_identify(.) by extension 'ignore_ament_install'
[0.118s] Level 1:colcon.colcon_core.package_identification:_identify(.) by extensions ['colcon_pkg']
[0.118s] Level 1:colcon.colcon_core.package_identification:_identify(.) by extension 'colcon_pkg'
[0.118s] Level 1:colcon.colcon_core.package_identification:_identify(.) by extensions ['colcon_meta']
[0.118s] Level 1:colcon.colcon_core.package_identification:_identify(.) by extension 'colcon_meta'
[0.118s] Level 1:colcon.colcon_core.package_identification:_identify(.) by extensions ['ros']
[0.118s] Level 1:colcon.colcon_core.package_identification:_identify(.) by extension 'ros'
[0.131s] DEBUG:colcon.colcon_core.package_identification:Package '.' with type 'ros.ament_cmake' and name 'testmsgs'
[0.131s] Level 1:colcon.colcon_core.package_discovery:discover_packages(recursive) using defaults
[0.131s] Level 1:colcon.colcon_core.package_discovery:discover_packages(ignore) discover
[0.131s] Level 1:colcon.colcon_core.package_discovery:discover_packages(ignore) using defaults
[0.131s] Level 1:colcon.colcon_core.package_discovery:discover_packages(path) discover
[0.131s] Level 1:colcon.colcon_core.package_discovery:discover_packages(path) using defaults
[0.146s] Level 1:colcon.colcon_core.package_discovery:discover_packages(prefix_path) check parameters
[0.146s] Level 1:colcon.colcon_core.package_discovery:discover_packages(prefix_path) discover
[0.148s] DEBUG:colcon.colcon_installed_package_information.package_discovery:Found 281 installed packages in /opt/ros/iron
[0.149s] Level 1:colcon.colcon_core.package_discovery:discover_packages(prefix_path) using defaults
[0.183s] Level 5:colcon.colcon_core.verb:set package 'testmsgs' build argument 'cmake_args' from command line to 'None'
[0.183s] Level 5:colcon.colcon_core.verb:set package 'testmsgs' build argument 'cmake_target' from command line to 'None'
[0.183s] Level 5:colcon.colcon_core.verb:set package 'testmsgs' build argument 'cmake_target_skip_unavailable' from command line to 'False'
[0.183s] Level 5:colcon.colcon_core.verb:set package 'testmsgs' build argument 'cmake_clean_cache' from command line to 'False'
[0.183s] Level 5:colcon.colcon_core.verb:set package 'testmsgs' build argument 'cmake_clean_first' from command line to 'False'
[0.183s] Level 5:colcon.colcon_core.verb:set package 'testmsgs' build argument 'cmake_force_configure' from command line to 'False'
[0.183s] Level 5:colcon.colcon_core.verb:set package 'testmsgs' build argument 'ament_cmake_args' from command line to 'None'
[0.183s] Level 5:colcon.colcon_core.verb:set package 'testmsgs' build argument 'catkin_cmake_args' from command line to 'None'
[0.183s] Level 5:colcon.colcon_core.verb:set package 'testmsgs' build argument 'catkin_skip_building_tests' from command line to 'False'
[0.183s] DEBUG:colcon.colcon_core.verb:Building package 'testmsgs' with the following arguments: {'ament_cmake_args': None, 'build_base': '/home/sotaro/Documents/rocket/earth/ros2_ws/src/testmsgs/build/testmsgs', 'catkin_cmake_args': None, 'catkin_skip_building_tests': False, 'cmake_args': None, 'cmake_clean_cache': False, 'cmake_clean_first': False, 'cmake_force_configure': False, 'cmake_target': None, 'cmake_target_skip_unavailable': False, 'install_base': '/home/sotaro/Documents/rocket/earth/ros2_ws/src/testmsgs/install/testmsgs', 'merge_install': False, 'path': '/home/sotaro/Documents/rocket/earth/ros2_ws/src/testmsgs', 'symlink_install': False, 'test_result_base': None}
[0.183s] INFO:colcon.colcon_core.executor:Executing jobs using 'parallel' executor
[0.184s] DEBUG:colcon.colcon_parallel_executor.executor.parallel:run_until_complete
[0.184s] INFO:colcon.colcon_ros.task.ament_cmake.build:Building ROS package in '/home/sotaro/Documents/rocket/earth/ros2_ws/src/testmsgs' with build type 'ament_cmake'
[0.185s] INFO:colcon.colcon_cmake.task.cmake.build:Building CMake package in '/home/sotaro/Documents/rocket/earth/ros2_ws/src/testmsgs'
[0.186s] INFO:colcon.colcon_core.plugin_system:Skipping extension 'colcon_core.shell.bat': Not used on non-Windows systems
[0.186s] INFO:colcon.colcon_core.shell:Skip shell extension 'powershell' for command environment: Not usable outside of PowerShell
[0.186s] DEBUG:colcon.colcon_core.shell:Skip shell extension 'dsv' for command environment
[0.194s] DEBUG:colcon.colcon_core.event_handler.log_command:Invoking command in '/home/sotaro/Documents/rocket/earth/ros2_ws/src/testmsgs/build/testmsgs': CMAKE_PREFIX_PATH=/opt/ros/iron /usr/bin/cmake /home/sotaro/Documents/rocket/earth/ros2_ws/src/testmsgs -DCMAKE_INSTALL_PREFIX=/home/sotaro/Documents/rocket/earth/ros2_ws/src/testmsgs/install/testmsgs
[1.537s] DEBUG:colcon.colcon_core.event_handler.log_command:Invoked command in '/home/sotaro/Documents/rocket/earth/ros2_ws/src/testmsgs/build/testmsgs' returned '0': CMAKE_PREFIX_PATH=/opt/ros/iron /usr/bin/cmake /home/sotaro/Documents/rocket/earth/ros2_ws/src/testmsgs -DCMAKE_INSTALL_PREFIX=/home/sotaro/Documents/rocket/earth/ros2_ws/src/testmsgs/install/testmsgs
[1.539s] DEBUG:colcon.colcon_core.event_handler.log_command:Invoking command in '/home/sotaro/Documents/rocket/earth/ros2_ws/src/testmsgs/build/testmsgs': CMAKE_PREFIX_PATH=/opt/ros/iron /usr/bin/cmake --build /home/sotaro/Documents/rocket/earth/ros2_ws/src/testmsgs/build/testmsgs -- -j16 -l16
[3.197s] DEBUG:colcon.colcon_core.event_handler.log_command:Invoked command in '/home/sotaro/Documents/rocket/earth/ros2_ws/src/testmsgs/build/testmsgs' returned '0': CMAKE_PREFIX_PATH=/opt/ros/iron /usr/bin/cmake --build /home/sotaro/Documents/rocket/earth/ros2_ws/src/testmsgs/build/testmsgs -- -j16 -l16
[3.258s] DEBUG:colcon.colcon_core.event_handler.log_command:Invoking command in '/home/sotaro/Documents/rocket/earth/ros2_ws/src/testmsgs/build/testmsgs': CMAKE_PREFIX_PATH=/opt/ros/iron /usr/bin/cmake --install /home/sotaro/Documents/rocket/earth/ros2_ws/src/testmsgs/build/testmsgs
[3.310s] Level 1:colcon.colcon_core.environment:create_environment_scripts_only(testmsgs)
[3.310s] DEBUG:colcon.colcon_core.event_handler.log_command:Invoked command in '/home/sotaro/Documents/rocket/earth/ros2_ws/src/testmsgs/build/testmsgs' returned '0': CMAKE_PREFIX_PATH=/opt/ros/iron /usr/bin/cmake --install /home/sotaro/Documents/rocket/earth/ros2_ws/src/testmsgs/build/testmsgs
[3.312s] Level 1:colcon.colcon_core.environment:checking '/home/sotaro/Documents/rocket/earth/ros2_ws/src/testmsgs/install/testmsgs' for CMake module files
[3.312s] Level 1:colcon.colcon_core.environment:checking '/home/sotaro/Documents/rocket/earth/ros2_ws/src/testmsgs/install/testmsgs' for CMake config files
[3.313s] Level 1:colcon.colcon_core.shell:create_environment_hook('testmsgs', 'cmake_prefix_path')
[3.313s] INFO:colcon.colcon_core.shell:Creating environment hook '/home/sotaro/Documents/rocket/earth/ros2_ws/src/testmsgs/install/testmsgs/share/testmsgs/hook/cmake_prefix_path.ps1'
[3.314s] INFO:colcon.colcon_core.shell:Creating environment descriptor '/home/sotaro/Documents/rocket/earth/ros2_ws/src/testmsgs/install/testmsgs/share/testmsgs/hook/cmake_prefix_path.dsv'
[3.314s] INFO:colcon.colcon_core.shell:Creating environment hook '/home/sotaro/Documents/rocket/earth/ros2_ws/src/testmsgs/install/testmsgs/share/testmsgs/hook/cmake_prefix_path.sh'
[3.314s] Level 1:colcon.colcon_core.environment:checking '/home/sotaro/Documents/rocket/earth/ros2_ws/src/testmsgs/install/testmsgs/lib'
[3.315s] Level 1:colcon.colcon_core.shell:create_environment_hook('testmsgs', 'ld_library_path_lib')
[3.315s] INFO:colcon.colcon_core.shell:Creating environment hook '/home/sotaro/Documents/rocket/earth/ros2_ws/src/testmsgs/install/testmsgs/share/testmsgs/hook/ld_library_path_lib.ps1'
[3.315s] INFO:colcon.colcon_core.shell:Creating environment descriptor '/home/sotaro/Documents/rocket/earth/ros2_ws/src/testmsgs/install/testmsgs/share/testmsgs/hook/ld_library_path_lib.dsv'
[3.315s] INFO:colcon.colcon_core.shell:Creating environment hook '/home/sotaro/Documents/rocket/earth/ros2_ws/src/testmsgs/install/testmsgs/share/testmsgs/hook/ld_library_path_lib.sh'
[3.315s] Level 1:colcon.colcon_core.environment:checking '/home/sotaro/Documents/rocket/earth/ros2_ws/src/testmsgs/install/testmsgs/bin'
[3.315s] Level 1:colcon.colcon_core.environment:checking '/home/sotaro/Documents/rocket/earth/ros2_ws/src/testmsgs/install/testmsgs/lib/pkgconfig/testmsgs.pc'
[3.316s] Level 1:colcon.colcon_core.environment:checking '/home/sotaro/Documents/rocket/earth/ros2_ws/src/testmsgs/install/testmsgs/lib/python3.10/site-packages'
[3.316s] Level 1:colcon.colcon_core.shell:create_environment_hook('testmsgs', 'pythonpath')
[3.316s] INFO:colcon.colcon_core.shell:Creating environment hook '/home/sotaro/Documents/rocket/earth/ros2_ws/src/testmsgs/install/testmsgs/share/testmsgs/hook/pythonpath.ps1'
[3.316s] INFO:colcon.colcon_core.shell:Creating environment descriptor '/home/sotaro/Documents/rocket/earth/ros2_ws/src/testmsgs/install/testmsgs/share/testmsgs/hook/pythonpath.dsv'
[3.316s] INFO:colcon.colcon_core.shell:Creating environment hook '/home/sotaro/Documents/rocket/earth/ros2_ws/src/testmsgs/install/testmsgs/share/testmsgs/hook/pythonpath.sh'
[3.317s] Level 1:colcon.colcon_core.environment:checking '/home/sotaro/Documents/rocket/earth/ros2_ws/src/testmsgs/install/testmsgs/bin'
[3.317s] INFO:colcon.colcon_core.shell:Creating package script '/home/sotaro/Documents/rocket/earth/ros2_ws/src/testmsgs/install/testmsgs/share/testmsgs/package.ps1'
[3.317s] INFO:colcon.colcon_core.shell:Creating package descriptor '/home/sotaro/Documents/rocket/earth/ros2_ws/src/testmsgs/install/testmsgs/share/testmsgs/package.dsv'
[3.318s] INFO:colcon.colcon_core.shell:Creating package script '/home/sotaro/Documents/rocket/earth/ros2_ws/src/testmsgs/install/testmsgs/share/testmsgs/package.sh'
[3.318s] INFO:colcon.colcon_core.shell:Creating package script '/home/sotaro/Documents/rocket/earth/ros2_ws/src/testmsgs/install/testmsgs/share/testmsgs/package.bash'
[3.319s] INFO:colcon.colcon_core.shell:Creating package script '/home/sotaro/Documents/rocket/earth/ros2_ws/src/testmsgs/install/testmsgs/share/testmsgs/package.zsh'
[3.319s] Level 1:colcon.colcon_core.environment:create_file_with_runtime_dependencies(/home/sotaro/Documents/rocket/earth/ros2_ws/src/testmsgs/install/testmsgs/share/colcon-core/packages/testmsgs)
[3.378s] Level 1:colcon.colcon_core.environment:create_environment_scripts_only(testmsgs)
[3.378s] Level 1:colcon.colcon_core.environment:checking '/home/sotaro/Documents/rocket/earth/ros2_ws/src/testmsgs/install/testmsgs' for CMake module files
[3.379s] Level 1:colcon.colcon_core.environment:checking '/home/sotaro/Documents/rocket/earth/ros2_ws/src/testmsgs/install/testmsgs' for CMake config files
[3.380s] Level 1:colcon.colcon_core.shell:create_environment_hook('testmsgs', 'cmake_prefix_path')
[3.380s] INFO:colcon.colcon_core.shell:Creating environment hook '/home/sotaro/Documents/rocket/earth/ros2_ws/src/testmsgs/install/testmsgs/share/testmsgs/hook/cmake_prefix_path.ps1'
[3.380s] INFO:colcon.colcon_core.shell:Creating environment descriptor '/home/sotaro/Documents/rocket/earth/ros2_ws/src/testmsgs/install/testmsgs/share/testmsgs/hook/cmake_prefix_path.dsv'
[3.380s] INFO:colcon.colcon_core.shell:Creating environment hook '/home/sotaro/Documents/rocket/earth/ros2_ws/src/testmsgs/install/testmsgs/share/testmsgs/hook/cmake_prefix_path.sh'
[3.381s] Level 1:colcon.colcon_core.environment:checking '/home/sotaro/Documents/rocket/earth/ros2_ws/src/testmsgs/install/testmsgs/lib'
[3.381s] Level 1:colcon.colcon_core.shell:create_environment_hook('testmsgs', 'ld_library_path_lib')
[3.381s] INFO:colcon.colcon_core.shell:Creating environment hook '/home/sotaro/Documents/rocket/earth/ros2_ws/src/testmsgs/install/testmsgs/share/testmsgs/hook/ld_library_path_lib.ps1'
[3.381s] INFO:colcon.colcon_core.shell:Creating environment descriptor '/home/sotaro/Documents/rocket/earth/ros2_ws/src/testmsgs/install/testmsgs/share/testmsgs/hook/ld_library_path_lib.dsv'
[3.381s] INFO:colcon.colcon_core.shell:Creating environment hook '/home/sotaro/Documents/rocket/earth/ros2_ws/src/testmsgs/install/testmsgs/share/testmsgs/hook/ld_library_path_lib.sh'
[3.382s] Level 1:colcon.colcon_core.environment:checking '/home/sotaro/Documents/rocket/earth/ros2_ws/src/testmsgs/install/testmsgs/bin'
[3.382s] Level 1:colcon.colcon_core.environment:checking '/home/sotaro/Documents/rocket/earth/ros2_ws/src/testmsgs/install/testmsgs/lib/pkgconfig/testmsgs.pc'
[3.382s] Level 1:colcon.colcon_core.environment:checking '/home/sotaro/Documents/rocket/earth/ros2_ws/src/testmsgs/install/testmsgs/lib/python3.10/site-packages'
[3.382s] Level 1:colcon.colcon_core.shell:create_environment_hook('testmsgs', 'pythonpath')
[3.382s] INFO:colcon.colcon_core.shell:Creating environment hook '/home/sotaro/Documents/rocket/earth/ros2_ws/src/testmsgs/install/testmsgs/share/testmsgs/hook/pythonpath.ps1'
[3.382s] INFO:colcon.colcon_core.shell:Creating environment descriptor '/home/sotaro/Documents/rocket/earth/ros2_ws/src/testmsgs/install/testmsgs/share/testmsgs/hook/pythonpath.dsv'
[3.383s] INFO:colcon.colcon_core.shell:Creating environment hook '/home/sotaro/Documents/rocket/earth/ros2_ws/src/testmsgs/install/testmsgs/share/testmsgs/hook/pythonpath.sh'
[3.383s] Level 1:colcon.colcon_core.environment:checking '/home/sotaro/Documents/rocket/earth/ros2_ws/src/testmsgs/install/testmsgs/bin'
[3.383s] INFO:colcon.colcon_core.shell:Creating package script '/home/sotaro/Documents/rocket/earth/ros2_ws/src/testmsgs/install/testmsgs/share/testmsgs/package.ps1'
[3.384s] INFO:colcon.colcon_core.shell:Creating package descriptor '/home/sotaro/Documents/rocket/earth/ros2_ws/src/testmsgs/install/testmsgs/share/testmsgs/package.dsv'
[3.384s] INFO:colcon.colcon_core.shell:Creating package script '/home/sotaro/Documents/rocket/earth/ros2_ws/src/testmsgs/install/testmsgs/share/testmsgs/package.sh'
[3.384s] INFO:colcon.colcon_core.shell:Creating package script '/home/sotaro/Documents/rocket/earth/ros2_ws/src/testmsgs/install/testmsgs/share/testmsgs/package.bash'
[3.385s] INFO:colcon.colcon_core.shell:Creating package script '/home/sotaro/Documents/rocket/earth/ros2_ws/src/testmsgs/install/testmsgs/share/testmsgs/package.zsh'
[3.385s] Level 1:colcon.colcon_core.environment:create_file_with_runtime_dependencies(/home/sotaro/Documents/rocket/earth/ros2_ws/src/testmsgs/install/testmsgs/share/colcon-core/packages/testmsgs)
[3.385s] DEBUG:colcon.colcon_parallel_executor.executor.parallel:closing loop
[3.385s] DEBUG:colcon.colcon_parallel_executor.executor.parallel:loop closed
[3.386s] DEBUG:colcon.colcon_parallel_executor.executor.parallel:run_until_complete finished with '0'
[3.386s] DEBUG:colcon.colcon_core.event_reactor:joining thread
[3.390s] INFO:colcon.colcon_core.plugin_system:Skipping extension 'colcon_notification.desktop_notification.terminal_notifier': Not used on non-Darwin systems
[3.390s] INFO:colcon.colcon_core.plugin_system:Skipping extension 'colcon_notification.desktop_notification.win32': Not used on non-Windows systems
[3.390s] INFO:colcon.colcon_notification.desktop_notification:Sending desktop notification using 'notify2'
[3.398s] DEBUG:colcon.colcon_core.event_reactor:joined thread
[3.399s] INFO:colcon.colcon_core.shell:Creating prefix script '/home/sotaro/Documents/rocket/earth/ros2_ws/src/testmsgs/install/local_setup.ps1'
[3.400s] INFO:colcon.colcon_core.shell:Creating prefix util module '/home/sotaro/Documents/rocket/earth/ros2_ws/src/testmsgs/install/_local_setup_util_ps1.py'
[3.401s] INFO:colcon.colcon_core.shell:Creating prefix chain script '/home/sotaro/Documents/rocket/earth/ros2_ws/src/testmsgs/install/setup.ps1'
[3.401s] INFO:colcon.colcon_core.shell:Creating prefix script '/home/sotaro/Documents/rocket/earth/ros2_ws/src/testmsgs/install/local_setup.sh'
[3.402s] INFO:colcon.colcon_core.shell:Creating prefix util module '/home/sotaro/Documents/rocket/earth/ros2_ws/src/testmsgs/install/_local_setup_util_sh.py'
[3.402s] INFO:colcon.colcon_core.shell:Creating prefix chain script '/home/sotaro/Documents/rocket/earth/ros2_ws/src/testmsgs/install/setup.sh'
[3.403s] INFO:colcon.colcon_core.shell:Creating prefix script '/home/sotaro/Documents/rocket/earth/ros2_ws/src/testmsgs/install/local_setup.bash'
[3.403s] INFO:colcon.colcon_core.shell:Creating prefix chain script '/home/sotaro/Documents/rocket/earth/ros2_ws/src/testmsgs/install/setup.bash'
[3.403s] INFO:colcon.colcon_core.shell:Creating prefix script '/home/sotaro/Documents/rocket/earth/ros2_ws/src/testmsgs/install/local_setup.zsh'
[3.404s] INFO:colcon.colcon_core.shell:Creating prefix chain script '/home/sotaro/Documents/rocket/earth/ros2_ws/src/testmsgs/install/setup.zsh'
